<?xml version="1.0" encoding="UTF-8"?>
<testsuite xmlns:xsi="http://www.w3.org/2001/XMLSchema-instance" xsi:noNamespaceSchemaLocation="https://maven.apache.org/surefire/maven-surefire-plugin/xsd/surefire-test-report-3.0.xsd" version="3.0" name="com.example.springbootapp.HelloControllerTest" time="1.022" tests="4" errors="0" skipped="0" failures="0">
  <properties>
[...]
</properties>
  <testcase name="testGreetUserWithName" classname="com.example.springbootapp.HelloControllerTest" time="0.986"/>
  <testcase name="testSayHello" classname="com.example.springbootapp.HelloControllerTest" time="0.003"/>
  <testcase name="testGreetUserWithDefault" classname="com.example.springbootapp.HelloControllerTest" time="0.002"/>
  <testcase name="testHealthCheck" classname="com.example.springbootapp.HelloControllerTest" time="0.002"/>
</testsuite>